app/build/outputs/logs/manifest-merger-release-report.txt
-- Merging decision tree log ---
manifest
ADDED from src\main\AndroidManifest.xml:2:1-109:12
	package
		ADDED from src\main\AndroidManifest.xml:3:5-28
		INJECTED from src\main\AndroidManifest.xml
		INJECTED from src\main\AndroidManifest.xml
	android:versionName
		INJECTED from src\main\AndroidManifest.xml
		INJECTED from src\main\AndroidManifest.xml
	xmlns:android
		ADDED from src\main\AndroidManifest.xml:2:11-69
	android:versionCode
		INJECTED from src\main\AndroidManifest.xml
		INJECTED from src\main\AndroidManifest.xml
uses-permission#android.permission.INTERNET
ADDED from src\main\AndroidManifest.xml:5:5-67
MERGED from [com.google.firebase:firebase-analytics:9.4.0] AndroidManifest.xml:21:5-67
MERGED from [com.google.firebase:firebase-analytics-impl:9.4.0] AndroidManifest.xml:21:5-67
MERGED from [com.google.firebase:firebase-iid:9.4.0] AndroidManifest.xml:21:5-67
	android:name
		ADDED from src\main\AndroidManifest.xml:5:22-64
uses-permission#android.permission.WRITE_EXTERNAL_STORAGE
ADDED from src\main\AndroidManifest.xml:6:5-81
MERGED from [:fileupload-release:] AndroidManifest.xml:11:5-81
	android:name
		ADDED from src\main\AndroidManifest.xml:6:22-78
uses-permission#android.permission.CAMERA
ADDED from src\main\AndroidManifest.xml:7:5-65
	android:name
		ADDED from src\main\AndroidManifest.xml:7:22-62
uses-permission#android.permission.RECORD_AUDIO
ADDED from src\main\AndroidManifest.xml:8:5-71
	android:name
		ADDED from src\main\AndroidManifest.xml:8:22-68
uses-permission#android.permission.ACCESS_NETWORK_STATE
ADDED from src\main\AndroidManifest.xml:9:5-79
MERGED from [com.google.firebase:firebase-analytics:9.4.0] AndroidManifest.xml:22:5-79
MERGED from [com.google.firebase:firebase-analytics-impl:9.4.0] AndroidManifest.xml:22:5-79
MERGED from [com.google.firebase:firebase-iid:9.4.0] AndroidManifest.xml:20:5-79
	android:name
		ADDED from src\main\AndroidManifest.xml:9:22-76
uses-feature#android.hardware.camera
ADDED from src\main\AndroidManifest.xml:11:5-60
	android:name
		ADDED from src\main\AndroidManifest.xml:11:19-57
application
ADDED from src\main\AndroidManifest.xml:13:5-107:19
MERGED from [com.android.support:appcompat-v7:25.3.0] AndroidManifest.xml:29:5-20
MERGED from [com.android.support:animated-vector-drawable:25.3.0] AndroidManifest.xml:26:5-20
MERGED from [com.android.support:support-vector-drawable:25.3.0] AndroidManifest.xml:26:5-20
MERGED from [:fontlib-release:] AndroidManifest.xml:11:5-14:19
MERGED from [:fileupload-release:] AndroidManifest.xml:13:5-17:19
MERGED from [com.google.firebase:firebase-messaging:9.4.0] AndroidManifest.xml:20:5-32:19
MERGED from [com.android.support:cardview-v7:21.0.3] AndroidManifest.xml:16:5-19
MERGED from [com.android.support:recyclerview-v7:21.0.3] AndroidManifest.xml:17:5-19:19
MERGED from [com.google.firebase:firebase-core:9.4.0] AndroidManifest.xml:5:5-20
MERGED from [com.google.firebase:firebase-analytics:9.4.0] AndroidManifest.xml:26:5-41:19
MERGED from [com.google.firebase:firebase-analytics-impl:9.4.0] AndroidManifest.xml:26:5-41:19
MERGED from [com.google.firebase:firebase-iid:9.4.0] AndroidManifest.xml:30:5-59:19
MERGED from [com.google.firebase:firebase-common:9.4.0] AndroidManifest.xml:5:5-12:19
MERGED from [com.google.android.gms:play-services-tasks:9.4.0] AndroidManifest.xml:5:5-20
MERGED from [com.google.android.gms:play-services-basement:9.4.0] AndroidManifest.xml:20:5-24:19
MERGED from [com.android.support:support-v4:25.3.0] AndroidManifest.xml:29:5-20
MERGED from [com.android.support:support-fragment:25.3.0] AndroidManifest.xml:29:5-20
MERGED from [com.android.support:support-media-compat:25.3.0] AndroidManifest.xml:29:5-20
MERGED from [com.android.support:support-core-ui:25.3.0] AndroidManifest.xml:29:5-20
MERGED from [com.android.support:support-core-utils:25.3.0] AndroidManifest.xml:29:5-20
MERGED from [com.android.support:support-compat:25.3.0] AndroidManifest.xml:29:5-20
	android:label
		ADDED from src\main\AndroidManifest.xml:16:9-41
	android:supportsRtl
		ADDED from src\main\AndroidManifest.xml:17:9-35
	android:hardwareAccelerated
		ADDED from src\main\AndroidManifest.xml:18:9-44
	android:allowBackup
		ADDED from src\main\AndroidManifest.xml:14:9-35
	android:icon
		ADDED from src\main\AndroidManifest.xml:15:9-43
	android:theme
		ADDED from src\main\AndroidManifest.xml:19:9-40
activity#com.pulseplus.SplashActivity
ADDED from src\main\AndroidManifest.xml:20:9-26:20
	android:name
		ADDED from src\main\AndroidManifest.xml:20:19-49
intent-filter#android.intent.action.MAIN+android.intent.category.LAUNCHER
ADDED from src\main\AndroidManifest.xml:21:13-25:29
action#android.intent.action.MAIN
ADDED from src\main\AndroidManifest.xml:22:17-69
	android:name
		ADDED from src\main\AndroidManifest.xml:22:25-66
category#android.intent.category.LAUNCHER
ADDED from src\main\AndroidManifest.xml:24:17-77
	android:name
		ADDED from src\main\AndroidManifest.xml:24:27-74
activity#com.pulseplus.WalkThroughActivity
ADDED from src\main\AndroidManifest.xml:27:9-29:52
	android:screenOrientation
		ADDED from src\main\AndroidManifest.xml:29:13-49
	android:name
		ADDED from src\main\AndroidManifest.xml:28:13-48
activity#com.pulseplus.VerifyPhoneActivity
ADDED from src\main\AndroidManifest.xml:30:9-33:58
	android:screenOrientation
		ADDED from src\main\AndroidManifest.xml:32:13-49
	android:windowSoftInputMode
		ADDED from src\main\AndroidManifest.xml:33:13-55
	android:name
		ADDED from src\main\AndroidManifest.xml:31:13-48
activity#com.pulseplus.VerifyOTPActivity
ADDED from src\main\AndroidManifest.xml:34:9-37:58
	android:screenOrientation
		ADDED from src\main\AndroidManifest.xml:36:13-49
	android:windowSoftInputMode
		ADDED from src\main\AndroidManifest.xml:37:13-55
	android:name
		ADDED from src\main\AndroidManifest.xml:35:13-46
activity#com.pulseplus.MainActivity
ADDED from src\main\AndroidManifest.xml:38:9-41:58
	android:screenOrientation
		ADDED from src\main\AndroidManifest.xml:40:13-49
	android:windowSoftInputMode
		ADDED from src\main\AndroidManifest.xml:41:13-55
	android:name
		ADDED from src\main\AndroidManifest.xml:39:13-41
activity#com.pulseplus.OrderChatActivity
ADDED from src\main\AndroidManifest.xml:42:9-45:58
	android:screenOrientation
		ADDED from src\main\AndroidManifest.xml:44:13-49
	android:windowSoftInputMode
		ADDED from src\main\AndroidManifest.xml:45:13-55
	android:name
		ADDED from src\main\AndroidManifest.xml:43:13-46
activity#com.pulseplus.AudioRecordActivity
ADDED from src\main\AndroidManifest.xml:46:9-48:52
	android:screenOrientation
		ADDED from src\main\AndroidManifest.xml:48:13-49
	android:name
		ADDED from src\main\AndroidManifest.xml:47:13-48
activity#com.pulseplus.OrderHistoryChatActivity
ADDED from src\main\AndroidManifest.xml:49:9-51:52
	android:screenOrientation
		ADDED from src\main\AndroidManifest.xml:51:13-49
	android:name
		ADDED from src\main\AndroidManifest.xml:50:13-53
activity#com.pulseplus.OrderConfirmationActivity
ADDED from src\main\AndroidManifest.xml:52:9-54:51
	android:screenOrientation
		ADDED from src\main\AndroidManifest.xml:54:13-49
	android:name
		ADDED from src\main\AndroidManifest.xml:53:13-54
activity#com.pulseplus.PendingOrdersActivity
ADDED from src\main\AndroidManifest.xml:55:9-57:51
	android:screenOrientation
		ADDED from src\main\AndroidManifest.xml:57:13-49
	android:name
		ADDED from src\main\AndroidManifest.xml:56:13-50
activity#com.pulseplus.PendingOrderChat
ADDED from src\main\AndroidManifest.xml:58:9-60:51
	android:screenOrientation
		ADDED from src\main\AndroidManifest.xml:60:13-49
	android:name
		ADDED from src\main\AndroidManifest.xml:59:13-45
service#com.pulseplus.fcm.MyFirebaseMessagingService
ADDED from src\main\AndroidManifest.xml:61:9-65:19
	android:name
		ADDED from src\main\AndroidManifest.xml:61:18-64
intent-filter#com.google.firebase.MESSAGING_EVENT
ADDED from src\main\AndroidManifest.xml:62:13-64:29
action#com.google.firebase.MESSAGING_EVENT
ADDED from src\main\AndroidManifest.xml:63:17-78
	android:name
		ADDED from src\main\AndroidManifest.xml:63:25-75
service#com.pulseplus.fcm.MyFirebaseInstanceIDService
ADDED from src\main\AndroidManifest.xml:66:9-70:19
	android:name
		ADDED from src\main\AndroidManifest.xml:66:18-65
intent-filter#com.google.firebase.INSTANCE_ID_EVENT
ADDED from src\main\AndroidManifest.xml:67:13-69:29
action#com.google.firebase.INSTANCE_ID_EVENT
ADDED from src\main\AndroidManifest.xml:68:17-80
	android:name
		ADDED from src\main\AndroidManifest.xml:68:25-77
meta-data#com.google.android.gms.version
ADDED from src\main\AndroidManifest.xml:73:9-75:69
MERGED from [com.google.android.gms:play-services-basement:9.4.0] AndroidManifest.xml:21:9-23:69
	android:value
		ADDED from src\main\AndroidManifest.xml:75:13-66
	android:name
		ADDED from src\main\AndroidManifest.xml:74:13-58
service#com.pulseplus.background.RegStatusService
ADDED from src\main\AndroidManifest.xml:77:9-79:48
	android:exported
		ADDED from src\main\AndroidManifest.xml:79:13-37
	android:name
		ADDED from src\main\AndroidManifest.xml:78:13-56
service#com.pulseplus.service.XmppService
ADDED from src\main\AndroidManifest.xml:80:9-82:48
	android:exported
		ADDED from src\main\AndroidManifest.xml:82:13-37
	android:name
		ADDED from src\main\AndroidManifest.xml:81:13-48
activity#com.pulseplus.test.Main
ADDED from src\main\AndroidManifest.xml:84:9-93:20
	android:windowSoftInputMode
		ADDED from src\main\AndroidManifest.xml:86:13-61
	android:name
		ADDED from src\main\AndroidManifest.xml:85:13-38
activity#com.pulseplus.FileViewActivity
ADDED from src\main\AndroidManifest.xml:95:9-97:52
	android:screenOrientation
		ADDED from src\main\AndroidManifest.xml:97:13-49
	android:name
		ADDED from src\main\AndroidManifest.xml:96:13-45
receiver#com.pulseplus.InternetReceiver
ADDED from src\main\AndroidManifest.xml:99:9-103:20
	android:name
		ADDED from src\main\AndroidManifest.xml:99:19-51
intent-filter#android.net.conn.CONNECTIVITY_CHANGE
ADDED from src\main\AndroidManifest.xml:100:13-102:29
action#android.net.conn.CONNECTIVITY_CHANGE
ADDED from src\main\AndroidManifest.xml:101:17-79
	android:name
		ADDED from src\main\AndroidManifest.xml:101:25-76
activity#com.pulseplus.WebViewActivity
ADDED from src\main\AndroidManifest.xml:105:9-106:51
	android:screenOrientation
		ADDED from src\main\AndroidManifest.xml:106:13-49
	android:name
		ADDED from src\main\AndroidManifest.xml:105:19-50
uses-sdk
INJECTED from src\main\AndroidManifest.xml reason: use-sdk injection requested
MERGED from [com.android.support:appcompat-v7:25.3.0] AndroidManifest.xml:21:5-23:78
MERGED from [com.android.support:animated-vector-drawable:25.3.0] AndroidManifest.xml:20:5-44
MERGED from [com.android.support:support-vector-drawable:25.3.0] AndroidManifest.xml:20:5-43
MERGED from [:fontlib-release:] AndroidManifest.xml:7:5-9:41
MERGED from [:fileupload-release:] AndroidManifest.xml:7:5-9:41
MERGED from [com.google.firebase:firebase-messaging:9.4.0] AndroidManifest.xml:18:5-42
MERGED from [com.github.chrisbanes:PhotoView:1.3.0] AndroidManifest.xml:8:5-10:41
MERGED from [com.android.support:cardview-v7:21.0.3] AndroidManifest.xml:15:5-42
MERGED from [com.android.support:recyclerview-v7:21.0.3] AndroidManifest.xml:15:5-42
MERGED from [com.google.firebase:firebase-core:9.4.0] AndroidManifest.xml:4:5-42
MERGED from [com.google.firebase:firebase-analytics:9.4.0] AndroidManifest.xml:18:5-42
MERGED from [com.google.firebase:firebase-analytics-impl:9.4.0] AndroidManifest.xml:18:5-42
MERGED from [com.google.firebase:firebase-iid:9.4.0] AndroidManifest.xml:18:5-42
MERGED from [com.google.firebase:firebase-common:9.4.0] AndroidManifest.xml:4:5-43
MERGED from [com.google.android.gms:play-services-tasks:9.4.0] AndroidManifest.xml:4:5-43
MERGED from [com.google.android.gms:play-services-basement:9.4.0] AndroidManifest.xml:18:5-42
MERGED from [com.android.support:support-v4:25.3.0] AndroidManifest.xml:21:5-23:54
MERGED from [com.android.support:support-fragment:25.3.0] AndroidManifest.xml:21:5-23:60
MERGED from [com.android.support:support-media-compat:25.3.0] AndroidManifest.xml:21:5-23:63
MERGED from [com.android.support:support-core-ui:25.3.0] AndroidManifest.xml:21:5-23:58
MERGED from [com.android.support:support-core-utils:25.3.0] AndroidManifest.xml:21:5-23:61
MERGED from [com.android.support:support-compat:25.3.0] AndroidManifest.xml:21:5-23:58
	tools:overrideLibrary
		ADDED from [com.android.support:appcompat-v7:25.3.0] AndroidManifest.xml:23:9-75
	android:targetSdkVersion
		INJECTED from src\main\AndroidManifest.xml
		INJECTED from src\main\AndroidManifest.xml
	android:minSdkVersion
		INJECTED from src\main\AndroidManifest.xml
		INJECTED from src\main\AndroidManifest.xml
meta-data#android.support.VERSION
ADDED from [com.android.support:appcompat-v7:25.3.0] AndroidManifest.xml:25:5-27:34
MERGED from [com.android.support:animated-vector-drawable:25.3.0] AndroidManifest.xml:22:5-24:34
MERGED from [com.android.support:support-vector-drawable:25.3.0] AndroidManifest.xml:22:5-24:34
MERGED from [com.android.support:support-v4:25.3.0] AndroidManifest.xml:25:5-27:34
MERGED from [com.android.support:support-fragment:25.3.0] AndroidManifest.xml:25:5-27:34
MERGED from [com.android.support:support-media-compat:25.3.0] AndroidManifest.xml:25:5-27:34
MERGED from [com.android.support:support-core-ui:25.3.0] AndroidManifest.xml:25:5-27:34
MERGED from [com.android.support:support-core-utils:25.3.0] AndroidManifest.xml:25:5-27:34
MERGED from [com.android.support:support-compat:25.3.0] AndroidManifest.xml:25:5-27:34
	android:value
		ADDED from [com.android.support:appcompat-v7:25.3.0] AndroidManifest.xml:27:9-31
	android:name
		ADDED from [com.android.support:appcompat-v7:25.3.0] AndroidManifest.xml:26:9-47
uses-permission#android.permission.READ_EXTERNAL_STORAGE
IMPLIED from src\main\AndroidManifest.xml:2:1-109:12 reason: com.armor.fileupload requested WRITE_EXTERNAL_STORAGE
service#com.google.firebase.messaging.FirebaseMessagingService
ADDED from [com.google.firebase:firebase-messaging:9.4.0] AndroidManifest.xml:24:9-30:19
	android:exported
		ADDED from [com.google.firebase:firebase-messaging:9.4.0] AndroidManifest.xml:26:13-36
	android:name
		ADDED from [com.google.firebase:firebase-messaging:9.4.0] AndroidManifest.xml:25:13-82
activity#android.support.v7.widget.TestActivity
ADDED from [com.android.support:recyclerview-v7:21.0.3] AndroidManifest.xml:18:9-115
	android:label
		ADDED from [com.android.support:recyclerview-v7:21.0.3] AndroidManifest.xml:18:19-59
	android:name
		ADDED from [com.android.support:recyclerview-v7:21.0.3] AndroidManifest.xml:18:60-113
uses-permission#android.permission.WAKE_LOCK
ADDED from [com.google.firebase:firebase-analytics:9.4.0] AndroidManifest.xml:24:5-67
MERGED from [com.google.firebase:firebase-analytics-impl:9.4.0] AndroidManifest.xml:24:5-67
MERGED from [com.google.firebase:firebase-iid:9.4.0] AndroidManifest.xml:22:5-68
	android:name
		ADDED from [com.google.firebase:firebase-analytics:9.4.0] AndroidManifest.xml:24:22-65
receiver#com.google.android.gms.measurement.AppMeasurementReceiver
ADDED from [com.google.firebase:firebase-analytics:9.4.0] AndroidManifest.xml:28:7-34:18
MERGED from [com.google.firebase:firebase-analytics-impl:9.4.0] AndroidManifest.xml:28:7-34:18
	android:enabled
		ADDED from [com.google.firebase:firebase-analytics:9.4.0] AndroidManifest.xml:30:11-33
	android:name
		ADDED from [com.google.firebase:firebase-analytics:9.4.0] AndroidManifest.xml:29:11-83
intent-filter#com.google.android.gms.measurement.UPLOAD
ADDED from [com.google.firebase:firebase-analytics:9.4.0] AndroidManifest.xml:31:9-33:25
action#com.google.android.gms.measurement.UPLOAD
ADDED from [com.google.firebase:firebase-analytics:9.4.0] AndroidManifest.xml:32:11-77
	android:name
		ADDED from [com.google.firebase:firebase-analytics:9.4.0] AndroidManifest.xml:32:19-75
service#com.google.android.gms.measurement.AppMeasurementService
ADDED from [com.google.firebase:firebase-analytics:9.4.0] AndroidManifest.xml:36:7-39:37
MERGED from [com.google.firebase:firebase-analytics-impl:9.4.0] AndroidManifest.xml:36:7-39:37
	android:enabled
		ADDED from [com.google.firebase:firebase-analytics:9.4.0] AndroidManifest.xml:38:11-33
	android:exported
		ADDED from [com.google.firebase:firebase-analytics:9.4.0] AndroidManifest.xml:39:11-35
	android:name
		ADDED from [com.google.firebase:firebase-analytics:9.4.0] AndroidManifest.xml:37:11-82
uses-permission#com.google.android.c2dm.permission.RECEIVE
ADDED from [com.google.firebase:firebase-iid:9.4.0] AndroidManifest.xml:23:5-82
	android:name
		ADDED from [com.google.firebase:firebase-iid:9.4.0] AndroidManifest.xml:23:22-79
permission#${applicationId}.permission.C2D_MESSAGE
ADDED from [com.google.firebase:firebase-iid:9.4.0] AndroidManifest.xml:25:5-26:47
	android:protectionLevel
		ADDED from [com.google.firebase:firebase-iid:9.4.0] AndroidManifest.xml:26:9-44
	android:name
		ADDED from [com.google.firebase:firebase-iid:9.4.0] AndroidManifest.xml:25:17-71
uses-permission#${applicationId}.permission.C2D_MESSAGE
ADDED from [com.google.firebase:firebase-iid:9.4.0] AndroidManifest.xml:28:5-79
	android:name
		ADDED from [com.google.firebase:firebase-iid:9.4.0] AndroidManifest.xml:28:22-76
receiver#com.google.firebase.iid.FirebaseInstanceIdReceiver
ADDED from [com.google.firebase:firebase-iid:9.4.0] AndroidManifest.xml:32:9-41:20
	android:exported
		ADDED from [com.google.firebase:firebase-iid:9.4.0] AndroidManifest.xml:34:13-36
	android:permission
		ADDED from [com.google.firebase:firebase-iid:9.4.0] AndroidManifest.xml:35:13-73
	android:name
		ADDED from [com.google.firebase:firebase-iid:9.4.0] AndroidManifest.xml:33:13-78
intent-filter#${applicationId}+com.google.android.c2dm.intent.RECEIVE+com.google.android.c2dm.intent.REGISTRATION
ADDED from [com.google.firebase:firebase-iid:9.4.0] AndroidManifest.xml:36:13-40:29
action#com.google.android.c2dm.intent.RECEIVE
ADDED from [com.google.firebase:firebase-iid:9.4.0] AndroidManifest.xml:37:17-81
	android:name
		ADDED from [com.google.firebase:firebase-iid:9.4.0] AndroidManifest.xml:37:25-78
action#com.google.android.c2dm.intent.REGISTRATION
ADDED from [com.google.firebase:firebase-iid:9.4.0] AndroidManifest.xml:38:17-86
	android:name
		ADDED from [com.google.firebase:firebase-iid:9.4.0] AndroidManifest.xml:38:25-83
category#${applicationId}
ADDED from [com.google.firebase:firebase-iid:9.4.0] AndroidManifest.xml:39:17-61
	android:name
		ADDED from [com.google.firebase:firebase-iid:9.4.0] AndroidManifest.xml:39:27-58
receiver#com.google.firebase.iid.FirebaseInstanceIdInternalReceiver
ADDED from [com.google.firebase:firebase-iid:9.4.0] AndroidManifest.xml:45:9-47:40
	android:exported
		ADDED from [com.google.firebase:firebase-iid:9.4.0] AndroidManifest.xml:47:13-37
	android:name
		ADDED from [com.google.firebase:firebase-iid:9.4.0] AndroidManifest.xml:46:13-86
service#com.google.firebase.iid.FirebaseInstanceIdService
ADDED from [com.google.firebase:firebase-iid:9.4.0] AndroidManifest.xml:51:9-57:19
	android:exported
		ADDED from [com.google.firebase:firebase-iid:9.4.0] AndroidManifest.xml:53:13-36
	android:name
		ADDED from [com.google.firebase:firebase-iid:9.4.0] AndroidManifest.xml:52:13-77
provider#com.google.firebase.provider.FirebaseInitProvider
ADDED from [com.google.firebase:firebase-common:9.4.0] AndroidManifest.xml:7:9-11:39
	android:authorities
		ADDED from [com.google.firebase:firebase-common:9.4.0] AndroidManifest.xml:8:13-72
	android:exported
		ADDED from [com.google.firebase:firebase-common:9.4.0] AndroidManifest.xml:10:13-37
	android:initOrder
		ADDED from [com.google.firebase:firebase-common:9.4.0] AndroidManifest.xml:11:13-36
	android:name
		ADDED from [com.google.firebase:firebase-common:9.4.0] AndroidManifest.xml:9:13-58